Compiling the C compiler identification source file "CMakeCCompilerId.c" failed.
Compiler: /usr/bin/cc 
Build flags: 
Id flags:  

The output was:
1
CMakeCCompilerId.c:802:1: fatal error: error closing /tmp/cccnAuEe.s: Aucun espace disponible sur le périphérique
  802 | }
      | ^
compilation terminated.


Compiling the C compiler identification source file "CMakeCCompilerId.c" failed.
Compiler: /usr/bin/cc 
Build flags: 
Id flags: -c 

The output was:
1
CMakeCCompilerId.c:802:1: fatal error: error closing /tmp/ccNZPPgg.s: Aucun espace disponible sur le périphérique
  802 | }
      | ^
compilation terminated.


Compiling the C compiler identification source file "CMakeCCompilerId.c" failed.
Compiler: /usr/bin/cc 
Build flags: 
Id flags: -Aa 

The output was:
1
<command-line>: error: missing '(' after predicate
CMakeCCompilerId.c:802:1: fatal error: error closing /tmp/ccVRq2PR.s: Aucun espace disponible sur le périphérique
  802 | }
      | ^
compilation terminated.


Compiling the C compiler identification source file "CMakeCCompilerId.c" failed.
Compiler: /usr/bin/cc 
Build flags: 
Id flags: -D__CLASSIC_C__ 

The output was:
1
CMakeCCompilerId.c:802:1: fatal error: error closing /tmp/cc1Wyag4.s: Aucun espace disponible sur le périphérique
  802 | }
      | ^
compilation terminated.


Compiling the C compiler identification source file "CMakeCCompilerId.c" failed.
Compiler: /usr/bin/cc 
Build flags: 
Id flags: --target=arm-arm-none-eabi;-mcpu=cortex-m3 

The output was:
1
cc: warning: ‘-mcpu=’ is deprecated; use ‘-mtune=’ or ‘-march=’ instead
cc: error: unrecognized command-line option ‘--target=arm-arm-none-eabi’


Compiling the C compiler identification source file "CMakeCCompilerId.c" failed.
Compiler: /usr/bin/cc 
Build flags: 
Id flags: -c;-I__does_not_exist__ 

The output was:
1
CMakeCCompilerId.c:802:1: fatal error: error closing /tmp/cck91YyY.s: Aucun espace disponible sur le périphérique
  802 | }
      | ^
compilation terminated.


Compiling the C compiler identification source file "CMakeCCompilerId.c" failed.
Compiler: /usr/bin/cc 
Build flags: 
Id flags:  

The output was:
1
CMakeCCompilerId.c:802:1: fatal error: error closing /tmp/ccC1MzQs.s: Aucun espace disponible sur le périphérique
  802 | }
      | ^
compilation terminated.


Compiling the C compiler identification source file "CMakeCCompilerId.c" failed.
Compiler: /usr/bin/cc 
Build flags: 
Id flags: -c 

The output was:
1
CMakeCCompilerId.c:802:1: fatal error: error closing /tmp/ccKEIzo0.s: Aucun espace disponible sur le périphérique
  802 | }
      | ^
compilation terminated.


Compiling the C compiler identification source file "CMakeCCompilerId.c" failed.
Compiler: /usr/bin/cc 
Build flags: 
Id flags: -Aa 

The output was:
1
<command-line>: error: missing '(' after predicate
CMakeCCompilerId.c:802:1: fatal error: error closing /tmp/cch6ieI1.s: Aucun espace disponible sur le périphérique
  802 | }
      | ^
compilation terminated.


Compiling the C compiler identification source file "CMakeCCompilerId.c" failed.
Compiler: /usr/bin/cc 
Build flags: 
Id flags: -D__CLASSIC_C__ 

The output was:
1
CMakeCCompilerId.c:802:1: fatal error: error closing /tmp/cct1wOtg.s: Aucun espace disponible sur le périphérique
  802 | }
      | ^
compilation terminated.


Compiling the C compiler identification source file "CMakeCCompilerId.c" failed.
Compiler: /usr/bin/cc 
Build flags: 
Id flags: --target=arm-arm-none-eabi;-mcpu=cortex-m3 

The output was:
1
cc: warning: ‘-mcpu=’ is deprecated; use ‘-mtune=’ or ‘-march=’ instead
cc: error: unrecognized command-line option ‘--target=arm-arm-none-eabi’


Compiling the C compiler identification source file "CMakeCCompilerId.c" failed.
Compiler: /usr/bin/cc 
Build flags: 
Id flags: -c;-I__does_not_exist__ 

The output was:
1
CMakeCCompilerId.c:802:1: fatal error: error closing /tmp/ccOMZ82h.s: Aucun espace disponible sur le périphérique
  802 | }
      | ^
compilation terminated.


Checking whether the C compiler is IAR using "" did not match "IAR .+ Compiler":
cc: fatal error: no input files
compilation terminated.
Checking whether the C compiler is IAR using "" did not match "IAR .+ Compiler":
cc: fatal error: no input files
compilation terminated.
Compiling the CXX compiler identification source file "CMakeCXXCompilerId.cpp" failed.
Compiler: /usr/bin/c++ 
Build flags: 
Id flags:  

The output was:
1
CMakeCXXCompilerId.cpp:791:1: fatal error: error closing /tmp/ccMUFZq5.s: Aucun espace disponible sur le périphérique
  791 | }
      | ^
compilation terminated.


Compiling the CXX compiler identification source file "CMakeCXXCompilerId.cpp" failed.
Compiler: /usr/bin/c++ 
Build flags: 
Id flags: -c 

The output was:
1
CMakeCXXCompilerId.cpp:791:1: fatal error: error closing /tmp/cc8xPIOq.s: Aucun espace disponible sur le périphérique
  791 | }
      | ^
compilation terminated.


Compiling the CXX compiler identification source file "CMakeCXXCompilerId.cpp" failed.
Compiler: /usr/bin/c++ 
Build flags: 
Id flags: --c++ 

The output was:
1
c++: error: unrecognized command-line option ‘--c++’


Compiling the CXX compiler identification source file "CMakeCXXCompilerId.cpp" failed.
Compiler: /usr/bin/c++ 
Build flags: 
Id flags: --ec++ 

The output was:
1
c++: error: unrecognized command-line option ‘--ec++’; did you mean ‘-Weffc++’?


Compiling the CXX compiler identification source file "CMakeCXXCompilerId.cpp" failed.
Compiler: /usr/bin/c++ 
Build flags: 
Id flags: --target=arm-arm-none-eabi;-mcpu=cortex-m3 

The output was:
1
c++: warning: ‘-mcpu=’ is deprecated; use ‘-mtune=’ or ‘-march=’ instead
c++: error: unrecognized command-line option ‘--target=arm-arm-none-eabi’


Compiling the CXX compiler identification source file "CMakeCXXCompilerId.cpp" failed.
Compiler: /usr/bin/c++ 
Build flags: 
Id flags: -c;-I__does_not_exist__ 

The output was:
1
CMakeCXXCompilerId.cpp:791:1: fatal error: error closing /tmp/ccrrpJPD.s: Aucun espace disponible sur le périphérique
  791 | }
      | ^
compilation terminated.


Compiling the CXX compiler identification source file "CMakeCXXCompilerId.cpp" failed.
Compiler: /usr/bin/c++ 
Build flags: 
Id flags:  

The output was:
1
CMakeCXXCompilerId.cpp:791:1: fatal error: error closing /tmp/ccWAtNyI.s: Aucun espace disponible sur le périphérique
  791 | }
      | ^
compilation terminated.


Compiling the CXX compiler identification source file "CMakeCXXCompilerId.cpp" failed.
Compiler: /usr/bin/c++ 
Build flags: 
Id flags: -c 

The output was:
1
CMakeCXXCompilerId.cpp:791:1: fatal error: error closing /tmp/cchDNhBl.s: Aucun espace disponible sur le périphérique
  791 | }
      | ^
compilation terminated.


Compiling the CXX compiler identification source file "CMakeCXXCompilerId.cpp" failed.
Compiler: /usr/bin/c++ 
Build flags: 
Id flags: --c++ 

The output was:
1
c++: error: unrecognized command-line option ‘--c++’


Compiling the CXX compiler identification source file "CMakeCXXCompilerId.cpp" failed.
Compiler: /usr/bin/c++ 
Build flags: 
Id flags: --ec++ 

The output was:
1
c++: error: unrecognized command-line option ‘--ec++’; did you mean ‘-Weffc++’?


Compiling the CXX compiler identification source file "CMakeCXXCompilerId.cpp" failed.
Compiler: /usr/bin/c++ 
Build flags: 
Id flags: --target=arm-arm-none-eabi;-mcpu=cortex-m3 

The output was:
1
c++: warning: ‘-mcpu=’ is deprecated; use ‘-mtune=’ or ‘-march=’ instead
c++: error: unrecognized command-line option ‘--target=arm-arm-none-eabi’


Compiling the CXX compiler identification source file "CMakeCXXCompilerId.cpp" failed.
Compiler: /usr/bin/c++ 
Build flags: 
Id flags: -c;-I__does_not_exist__ 

The output was:
1
CMakeCXXCompilerId.cpp:791:1: fatal error: error closing /tmp/ccyXInmA.s: Aucun espace disponible sur le périphérique
  791 | }
      | ^
compilation terminated.


Checking whether the CXX compiler is IAR using "" did not match "IAR .+ Compiler":
c++: fatal error: no input files
compilation terminated.
Checking whether the CXX compiler is IAR using "" did not match "IAR .+ Compiler":
c++: fatal error: no input files
compilation terminated.
Detecting C compiler ABI info failed to compile with the following output:
Change Dir: /home/fabien/Documents/FDS/M1/Moteur_de_jeux/TP1_code/build/CMakeFiles/CMakeTmp

Run Build Command(s):/usr/bin/gmake -f Makefile cmTC_6428d/fast && /usr/bin/gmake  -f CMakeFiles/cmTC_6428d.dir/build.make CMakeFiles/cmTC_6428d.dir/build
gmake[1]: Entering directory '/home/fabien/Documents/FDS/M1/Moteur_de_jeux/TP1_code/build/CMakeFiles/CMakeTmp'
Building C object CMakeFiles/cmTC_6428d.dir/CMakeCCompilerABI.c.o
/usr/bin/cc    -o CMakeFiles/cmTC_6428d.dir/CMakeCCompilerABI.c.o -c /usr/share/cmake-3.22/Modules/CMakeCCompilerABI.c
/usr/share/cmake-3.22/Modules/CMakeCCompilerABI.c:27:1: fatal error: error closing /tmp/ccXKdGBi.s: No space left on device
   27 | }
      | ^
compilation terminated.
gmake[1]: *** [CMakeFiles/cmTC_6428d.dir/build.make:78: CMakeFiles/cmTC_6428d.dir/CMakeCCompilerABI.c.o] Error 1
gmake[1]: Leaving directory '/home/fabien/Documents/FDS/M1/Moteur_de_jeux/TP1_code/build/CMakeFiles/CMakeTmp'
gmake: *** [Makefile:127: cmTC_6428d/fast] Error 2




Determining if the C compiler works failed with the following output:
Change Dir: /home/fabien/Documents/FDS/M1/Moteur_de_jeux/TP1_code/build/CMakeFiles/CMakeTmp

Run Build Command(s):/usr/bin/gmake -f Makefile cmTC_cfc2b/fast && /usr/bin/gmake  -f CMakeFiles/cmTC_cfc2b.dir/build.make CMakeFiles/cmTC_cfc2b.dir/build
gmake[1] : on entre dans le répertoire « /home/fabien/Documents/FDS/M1/Moteur_de_jeux/TP1_code/build/CMakeFiles/CMakeTmp »
Building C object CMakeFiles/cmTC_cfc2b.dir/testCCompiler.c.o
/usr/bin/cc    -o CMakeFiles/cmTC_cfc2b.dir/testCCompiler.c.o -c /home/fabien/Documents/FDS/M1/Moteur_de_jeux/TP1_code/build/CMakeFiles/CMakeTmp/testCCompiler.c
/home/fabien/Documents/FDS/M1/Moteur_de_jeux/TP1_code/build/CMakeFiles/CMakeTmp/testCCompiler.c:11:1: fatal error: error closing /tmp/ccezdlOC.s: Aucun espace disponible sur le périphérique
   11 | { (void)argv; return argc-1;}
      | ^
compilation terminated.
gmake[1]: *** [CMakeFiles/cmTC_cfc2b.dir/build.make:78 : CMakeFiles/cmTC_cfc2b.dir/testCCompiler.c.o] Erreur 1
gmake[1] : on quitte le répertoire « /home/fabien/Documents/FDS/M1/Moteur_de_jeux/TP1_code/build/CMakeFiles/CMakeTmp »
gmake: *** [Makefile:127 : cmTC_cfc2b/fast] Erreur 2



Compiling the C compiler identification source file "CMakeCCompilerId.c" failed.
Compiler: /usr/bin/cc 
Build flags: 
Id flags:  

The output was:
1
CMakeCCompilerId.c:802:1: fatal error: error closing /tmp/ccSmBGhD.s: Aucun espace disponible sur le périphérique
  802 | }
      | ^
compilation terminated.


Compiling the C compiler identification source file "CMakeCCompilerId.c" failed.
Compiler: /usr/bin/cc 
Build flags: 
Id flags: -c 

The output was:
1
CMakeCCompilerId.c:802:1: fatal error: error closing /tmp/ccxmnMLS.s: Aucun espace disponible sur le périphérique
  802 | }
      | ^
compilation terminated.


Compiling the C compiler identification source file "CMakeCCompilerId.c" failed.
Compiler: /usr/bin/cc 
Build flags: 
Id flags: -Aa 

The output was:
1
<command-line>: error: missing '(' after predicate
CMakeCCompilerId.c:802:1: fatal error: error closing /tmp/cc3p8pna.s: Aucun espace disponible sur le périphérique
  802 | }
      | ^
compilation terminated.


Compiling the C compiler identification source file "CMakeCCompilerId.c" failed.
Compiler: /usr/bin/cc 
Build flags: 
Id flags: -D__CLASSIC_C__ 

The output was:
1
CMakeCCompilerId.c:802:1: fatal error: error closing /tmp/ccStAmP5.s: Aucun espace disponible sur le périphérique
  802 | }
      | ^
compilation terminated.


Compiling the C compiler identification source file "CMakeCCompilerId.c" failed.
Compiler: /usr/bin/cc 
Build flags: 
Id flags: --target=arm-arm-none-eabi;-mcpu=cortex-m3 

The output was:
1
cc: warning: ‘-mcpu=’ is deprecated; use ‘-mtune=’ or ‘-march=’ instead
cc: error: unrecognized command-line option ‘--target=arm-arm-none-eabi’


Compiling the C compiler identification source file "CMakeCCompilerId.c" failed.
Compiler: /usr/bin/cc 
Build flags: 
Id flags: -c;-I__does_not_exist__ 

The output was:
1
CMakeCCompilerId.c:802:1: fatal error: error closing /tmp/ccOUKCbt.s: Aucun espace disponible sur le périphérique
  802 | }
      | ^
compilation terminated.


Compiling the C compiler identification source file "CMakeCCompilerId.c" failed.
Compiler: /usr/bin/cc 
Build flags: 
Id flags:  

The output was:
1
CMakeCCompilerId.c:802:1: fatal error: error closing /tmp/ccKVrF90.s: Aucun espace disponible sur le périphérique
  802 | }
      | ^
compilation terminated.


Compiling the C compiler identification source file "CMakeCCompilerId.c" failed.
Compiler: /usr/bin/cc 
Build flags: 
Id flags: -c 

The output was:
1
CMakeCCompilerId.c:802:1: fatal error: error closing /tmp/ccTxF3a5.s: Aucun espace disponible sur le périphérique
  802 | }
      | ^
compilation terminated.


Compiling the C compiler identification source file "CMakeCCompilerId.c" failed.
Compiler: /usr/bin/cc 
Build flags: 
Id flags: -Aa 

The output was:
1
<command-line>: error: missing '(' after predicate
CMakeCCompilerId.c:802:1: fatal error: error closing /tmp/cc2JENCJ.s: Aucun espace disponible sur le périphérique
  802 | }
      | ^
compilation terminated.


Compiling the C compiler identification source file "CMakeCCompilerId.c" failed.
Compiler: /usr/bin/cc 
Build flags: 
Id flags: -D__CLASSIC_C__ 

The output was:
1
CMakeCCompilerId.c:802:1: fatal error: error closing /tmp/cc6JQSLi.s: Aucun espace disponible sur le périphérique
  802 | }
      | ^
compilation terminated.


Compiling the C compiler identification source file "CMakeCCompilerId.c" failed.
Compiler: /usr/bin/cc 
Build flags: 
Id flags: --target=arm-arm-none-eabi;-mcpu=cortex-m3 

The output was:
1
cc: warning: ‘-mcpu=’ is deprecated; use ‘-mtune=’ or ‘-march=’ instead
cc: error: unrecognized command-line option ‘--target=arm-arm-none-eabi’


Compiling the C compiler identification source file "CMakeCCompilerId.c" failed.
Compiler: /usr/bin/cc 
Build flags: 
Id flags: -c;-I__does_not_exist__ 

The output was:
1
CMakeCCompilerId.c:802:1: fatal error: error closing /tmp/ccmQyKaA.s: Aucun espace disponible sur le périphérique
  802 | }
      | ^
compilation terminated.


Checking whether the C compiler is IAR using "" did not match "IAR .+ Compiler":
cc: fatal error: no input files
compilation terminated.
Checking whether the C compiler is IAR using "" did not match "IAR .+ Compiler":
cc: fatal error: no input files
compilation terminated.
Compiling the CXX compiler identification source file "CMakeCXXCompilerId.cpp" failed.
Compiler: /usr/bin/c++ 
Build flags: 
Id flags:  

The output was:
1
CMakeCXXCompilerId.cpp:791:1: fatal error: error closing /tmp/ccldwVsL.s: Aucun espace disponible sur le périphérique
  791 | }
      | ^
compilation terminated.


Compiling the CXX compiler identification source file "CMakeCXXCompilerId.cpp" failed.
Compiler: /usr/bin/c++ 
Build flags: 
Id flags: -c 

The output was:
1
CMakeCXXCompilerId.cpp:791:1: fatal error: error closing /tmp/ccXkpLbC.s: Aucun espace disponible sur le périphérique
  791 | }
      | ^
compilation terminated.


Compiling the CXX compiler identification source file "CMakeCXXCompilerId.cpp" failed.
Compiler: /usr/bin/c++ 
Build flags: 
Id flags: --c++ 

The output was:
1
c++: error: unrecognized command-line option ‘--c++’


Compiling the CXX compiler identification source file "CMakeCXXCompilerId.cpp" failed.
Compiler: /usr/bin/c++ 
Build flags: 
Id flags: --ec++ 

The output was:
1
c++: error: unrecognized command-line option ‘--ec++’; did you mean ‘-Weffc++’?


Compiling the CXX compiler identification source file "CMakeCXXCompilerId.cpp" failed.
Compiler: /usr/bin/c++ 
Build flags: 
Id flags: --target=arm-arm-none-eabi;-mcpu=cortex-m3 

The output was:
1
c++: warning: ‘-mcpu=’ is deprecated; use ‘-mtune=’ or ‘-march=’ instead
c++: error: unrecognized command-line option ‘--target=arm-arm-none-eabi’


Compiling the CXX compiler identification source file "CMakeCXXCompilerId.cpp" failed.
Compiler: /usr/bin/c++ 
Build flags: 
Id flags: -c;-I__does_not_exist__ 

The output was:
1
CMakeCXXCompilerId.cpp:791:1: fatal error: error closing /tmp/ccVTwEoL.s: Aucun espace disponible sur le périphérique
  791 | }
      | ^
compilation terminated.


Compiling the CXX compiler identification source file "CMakeCXXCompilerId.cpp" failed.
Compiler: /usr/bin/c++ 
Build flags: 
Id flags:  

The output was:
1
CMakeCXXCompilerId.cpp:791:1: fatal error: error closing /tmp/cceWhIff.s: Aucun espace disponible sur le périphérique
  791 | }
      | ^
compilation terminated.


Compiling the CXX compiler identification source file "CMakeCXXCompilerId.cpp" failed.
Compiler: /usr/bin/c++ 
Build flags: 
Id flags: -c 

The output was:
1
CMakeCXXCompilerId.cpp:791:1: fatal error: error closing /tmp/cclVzm6a.s: Aucun espace disponible sur le périphérique
  791 | }
      | ^
compilation terminated.


Compiling the CXX compiler identification source file "CMakeCXXCompilerId.cpp" failed.
Compiler: /usr/bin/c++ 
Build flags: 
Id flags: --c++ 

The output was:
1
c++: error: unrecognized command-line option ‘--c++’


Compiling the CXX compiler identification source file "CMakeCXXCompilerId.cpp" failed.
Compiler: /usr/bin/c++ 
Build flags: 
Id flags: --ec++ 

The output was:
1
c++: error: unrecognized command-line option ‘--ec++’; did you mean ‘-Weffc++’?


Compiling the CXX compiler identification source file "CMakeCXXCompilerId.cpp" failed.
Compiler: /usr/bin/c++ 
Build flags: 
Id flags: --target=arm-arm-none-eabi;-mcpu=cortex-m3 

The output was:
1
c++: warning: ‘-mcpu=’ is deprecated; use ‘-mtune=’ or ‘-march=’ instead
c++: error: unrecognized command-line option ‘--target=arm-arm-none-eabi’


Compiling the CXX compiler identification source file "CMakeCXXCompilerId.cpp" failed.
Compiler: /usr/bin/c++ 
Build flags: 
Id flags: -c;-I__does_not_exist__ 

The output was:
1
CMakeCXXCompilerId.cpp:791:1: fatal error: error closing /tmp/ccuMbEUA.s: Aucun espace disponible sur le périphérique
  791 | }
      | ^
compilation terminated.


Checking whether the CXX compiler is IAR using "" did not match "IAR .+ Compiler":
c++: fatal error: no input files
compilation terminated.
Checking whether the CXX compiler is IAR using "" did not match "IAR .+ Compiler":
c++: fatal error: no input files
compilation terminated.
Detecting C compiler ABI info failed to compile with the following output:
Change Dir: /home/fabien/Documents/FDS/M1/Moteur_de_jeux/TP1_code/build/CMakeFiles/CMakeTmp

Run Build Command(s):/usr/bin/gmake -f Makefile cmTC_6def0/fast && /usr/bin/gmake  -f CMakeFiles/cmTC_6def0.dir/build.make CMakeFiles/cmTC_6def0.dir/build
gmake[1]: Entering directory '/home/fabien/Documents/FDS/M1/Moteur_de_jeux/TP1_code/build/CMakeFiles/CMakeTmp'
Building C object CMakeFiles/cmTC_6def0.dir/CMakeCCompilerABI.c.o
/usr/bin/cc    -o CMakeFiles/cmTC_6def0.dir/CMakeCCompilerABI.c.o -c /usr/share/cmake-3.22/Modules/CMakeCCompilerABI.c
/usr/share/cmake-3.22/Modules/CMakeCCompilerABI.c:27:1: fatal error: error closing /tmp/ccveQr45.s: No space left on device
   27 | }
      | ^
compilation terminated.
gmake[1]: *** [CMakeFiles/cmTC_6def0.dir/build.make:78: CMakeFiles/cmTC_6def0.dir/CMakeCCompilerABI.c.o] Error 1
gmake[1]: Leaving directory '/home/fabien/Documents/FDS/M1/Moteur_de_jeux/TP1_code/build/CMakeFiles/CMakeTmp'
gmake: *** [Makefile:127: cmTC_6def0/fast] Error 2




Determining if the C compiler works failed with the following output:
Change Dir: /home/fabien/Documents/FDS/M1/Moteur_de_jeux/TP1_code/build/CMakeFiles/CMakeTmp

Run Build Command(s):/usr/bin/gmake -f Makefile cmTC_84857/fast && /usr/bin/gmake  -f CMakeFiles/cmTC_84857.dir/build.make CMakeFiles/cmTC_84857.dir/build
gmake[1] : on entre dans le répertoire « /home/fabien/Documents/FDS/M1/Moteur_de_jeux/TP1_code/build/CMakeFiles/CMakeTmp »
Building C object CMakeFiles/cmTC_84857.dir/testCCompiler.c.o
/usr/bin/cc    -o CMakeFiles/cmTC_84857.dir/testCCompiler.c.o -c /home/fabien/Documents/FDS/M1/Moteur_de_jeux/TP1_code/build/CMakeFiles/CMakeTmp/testCCompiler.c
/home/fabien/Documents/FDS/M1/Moteur_de_jeux/TP1_code/build/CMakeFiles/CMakeTmp/testCCompiler.c:11:1: fatal error: error closing /tmp/ccfnrL41.s: Aucun espace disponible sur le périphérique
   11 | { (void)argv; return argc-1;}
      | ^
compilation terminated.
gmake[1]: *** [CMakeFiles/cmTC_84857.dir/build.make:78 : CMakeFiles/cmTC_84857.dir/testCCompiler.c.o] Erreur 1
gmake[1] : on quitte le répertoire « /home/fabien/Documents/FDS/M1/Moteur_de_jeux/TP1_code/build/CMakeFiles/CMakeTmp »
gmake: *** [Makefile:127 : cmTC_84857/fast] Erreur 2



